set names utf8	2016-03-03 10:15:09
SELECT * FROM `user` WHERE `email` = '' AND `password` = ''	2016-03-03 10:15:09
set names utf8	2016-03-03 10:18:06
SELECT * FROM `user` WHERE `email` = '' AND `password` = ''	2016-03-03 10:18:06
set names utf8	2016-03-03 10:18:41
SELECT * FROM `user` WHERE `email` = '' AND `password` = ''	2016-03-03 10:18:41
set names utf8	2016-03-03 10:18:56
SELECT * FROM `user` WHERE `email` = '' AND `password` = ''	2016-03-03 10:18:56
set names utf8	2016-03-03 10:21:14
SELECT * FROM `user` WHERE `email` = '' AND `password` = ''	2016-03-03 10:21:14
set names utf8	2016-03-03 10:25:45
SELECT * FROM `user` WHERE `email` = '' AND `password` = ''	2016-03-03 10:25:45
set names utf8	2016-03-03 10:26:47
SELECT * FROM `user` WHERE `email` = '' AND `password` = ''	2016-03-03 10:26:47
set names utf8	2016-03-03 10:30:33
SELECT * FROM `user` WHERE `email` = '' AND `password` = ''	2016-03-03 10:30:33
set names utf8	2016-03-03 10:37:11
SELECT * FROM `user` WHERE `email` = '' AND `password` = ''	2016-03-03 10:37:11
set names utf8	2016-03-03 10:37:58
SELECT * FROM `user` WHERE `email` = '' AND `password` = ''	2016-03-03 10:37:58
set names utf8	2016-03-03 10:39:30
SELECT * FROM `user` WHERE `email` = '123' AND `password` = '123'	2016-03-03 10:39:30
set names utf8	2016-03-03 10:40:18
SELECT * FROM `user` WHERE `email` = '123' AND `password` = '123'	2016-03-03 10:40:18
set names utf8	2016-03-03 10:40:55
SELECT * FROM `user` WHERE `email` = '123' AND `password` = '123'	2016-03-03 10:40:55
set names utf8	2016-03-03 10:41:41
SELECT * FROM `user` WHERE `email` = '' AND `password` = ''	2016-03-03 10:41:41
set names utf8	2016-03-03 10:43:13
SELECT * FROM `user` WHERE `email` = '' AND `password` = ''	2016-03-03 10:43:13
set names utf8	2016-03-03 10:43:35
SELECT * FROM `user` WHERE `email` = '' AND `password` = ''	2016-03-03 10:43:35
set names utf8	2016-03-03 10:43:42
SELECT * FROM `user` WHERE `email` = '123' AND `password` = '123'	2016-03-03 10:43:42
set names utf8	2016-03-03 10:44:02
SELECT * FROM `user` WHERE `email` = '' AND `password` = ''	2016-03-03 10:44:02
set names utf8	2016-03-03 10:44:14
SELECT * FROM `user` WHERE `email` = '' AND `password` = ''	2016-03-03 10:44:14
set names utf8	2016-03-03 10:44:56
SELECT * FROM `user` WHERE `email` = '' AND `password` = ''	2016-03-03 10:44:56
set names utf8	2016-03-03 10:47:14
SELECT * FROM `user` WHERE `email` = '123' AND `password` = '123'	2016-03-03 10:47:14
set names utf8	2016-03-03 10:52:20
SELECT * FROM `user` WHERE `email` = '123' AND `password` = '123'	2016-03-03 10:52:20
set names utf8	2016-03-03 10:53:51
SELECT * FROM `user` WHERE `email` = '123' AND `password` = '123'	2016-03-03 10:53:51
set names utf8	2016-03-03 10:53:55
SELECT * FROM `user` WHERE `email` = '123' AND `password` = '123'	2016-03-03 10:53:55
set names utf8	2016-03-03 10:54:27
SELECT * FROM `user` WHERE `email` = 'admin' AND `password` = 'admin'	2016-03-03 10:54:27
set names utf8	2016-03-03 10:57:08
SELECT * FROM `user` WHERE `email` = 'admin' AND `password` = 'admin'	2016-03-03 10:57:08
set names utf8	2016-03-03 10:59:20
SELECT * FROM `user` WHERE `email` = 'admin' AND `password` = 'admin'	2016-03-03 10:59:20
set names utf8	2016-03-03 10:59:30
SELECT * FROM `user` WHERE `email` = 'admin' AND `password` = 'admin'	2016-03-03 10:59:30
set names utf8	2016-03-03 11:00:11
SELECT * FROM `user` WHERE `email` = 'admin' AND `password` = 'admin'	2016-03-03 11:00:11
set names utf8	2016-03-03 11:01:34
SELECT * FROM `user` WHERE `email` = 'admin' AND `password` = 'admin'	2016-03-03 11:01:34
set names utf8	2016-03-03 11:06:05
SELECT * FROM `user` WHERE `email` = 'admin' AND `password` = 'admin'	2016-03-03 11:06:05
set names utf8	2016-03-03 11:08:34
SELECT * FROM `user` WHERE `email` = 'admin' AND `password` = 'admin'	2016-03-03 11:08:34
set names utf8	2016-03-03 11:08:49
SELECT * FROM `user` WHERE `email` = 'admin' AND `password` = 'admin'	2016-03-03 11:08:49
set names utf8	2016-03-03 11:10:31
SELECT * FROM `user` WHERE `email` = 'admin' AND `password` = 'admin'	2016-03-03 11:10:31
set names utf8	2016-03-03 11:10:50
SELECT * FROM `user` WHERE `email` = 'admin' AND `password` = 'admin'	2016-03-03 11:10:50
set names utf8	2016-03-03 11:11:01
SELECT * FROM `user` WHERE `email` = 'admin' AND `password` = 'admin'	2016-03-03 11:11:01
set names utf8	2016-03-03 11:11:10
SELECT * FROM `user` WHERE `email` = 'admin' AND `password` = 'admin'	2016-03-03 11:11:10
set names utf8	2016-03-03 11:11:19
SELECT * FROM `user` WHERE `email` = 'admin' AND `password` = 'admin'	2016-03-03 11:11:19
set names utf8	2016-03-03 11:12:30
SELECT name FROM `user` WHERE `email` = 'admin' AND `password` = 'admin'	2016-03-03 11:12:30
set names utf8	2016-03-03 11:12:50
SELECT name FROM `user` WHERE `email` = 'admin' AND `password` = 'admin'	2016-03-03 11:12:50
set names utf8	2016-03-03 11:13:47
SELECT name FROM `user` WHERE `email` = 'admin' AND `password` = 'admin'	2016-03-03 11:13:47
set names utf8	2016-03-03 11:14:10
SELECT name FROM `user` WHERE `email` = 'admin' AND `password` = 'admin'	2016-03-03 11:14:10
set names utf8	2016-03-03 11:15:09
SELECT count(*) FROM `user` WHERE `email` = 'admin' AND `password` = 'admin'	2016-03-03 11:15:09
set names utf8	2016-03-03 11:17:06
SELECT count(*) FROM `user` WHERE `email` = 'admin' AND `password` = 'admin'	2016-03-03 11:17:06
set names utf8	2016-03-03 11:17:19
SELECT count(*) FROM `user` WHERE `email` = 'admin' AND `password` = 'admin'	2016-03-03 11:17:19
set names utf8	2016-03-03 11:17:31
SELECT count(*) FROM `user` WHERE `email` = 'admin' AND `password` = 'admin'	2016-03-03 11:17:31
set names utf8	2016-03-03 11:18:17
SELECT count(*) FROM `user` WHERE `email` = 'admin' AND `password` = 'admin'	2016-03-03 11:18:17
set names utf8	2016-03-03 11:18:19
SELECT count(*) FROM `user` WHERE `email` = 'admin' AND `password` = 'admin'	2016-03-03 11:18:19
set names utf8	2016-03-03 11:21:34
SELECT count(*) FROM `user` WHERE `email` = 'admin' AND `password` = 'admin'	2016-03-03 11:21:34
set names utf8	2016-03-03 11:21:56
SELECT name FROM `user` WHERE `email` = 'admin' AND `password` = 'admin'	2016-03-03 11:21:56
set names utf8	2016-03-03 11:22:02
SELECT name FROM `user` WHERE `email` = 'admin' AND `password` = 'admin'	2016-03-03 11:22:02
set names utf8	2016-03-03 11:23:07
SELECT name FROM `user` WHERE `email` = 'admin' AND `password` = 'admin'	2016-03-03 11:23:07
set names utf8	2016-03-03 11:23:47
SELECT name FROM `user` WHERE `email` = 'admin' AND `password` = 'admin'	2016-03-03 11:23:47
set names utf8	2016-03-03 11:23:56
SELECT count(*) FROM `user` WHERE `email` = 'admin' AND `password` = 'admin'	2016-03-03 11:23:56
set names utf8	2016-03-03 11:24:10
SELECT name FROM `user` WHERE `email` = 'admin' AND `password` = 'admin'	2016-03-03 11:24:10
set names utf8	2016-03-03 11:24:52
SELECT name FROM `user` WHERE `email` = 'admin' AND `password` = 'admin'	2016-03-03 11:24:52
set names utf8	2016-03-03 11:26:28
SELECT name FROM `user` WHERE `email` = 'admin' AND `password` = ''	2016-03-03 11:26:28
set names utf8	2016-03-03 11:26:39
SELECT name FROM `user` WHERE `email` = 'admin' AND `password` = 'admin'	2016-03-03 11:26:39
set names utf8	2016-03-03 11:27:01
SELECT name FROM `user` WHERE `email` = 'admin' AND `password` = 'admin'	2016-03-03 11:27:01
set names utf8	2016-03-03 11:27:11
SELECT name FROM `user` WHERE `email` = 'admin' AND `password` = 'admin'	2016-03-03 11:27:11
set names utf8	2016-03-03 11:27:14
SELECT name FROM `user` WHERE `email` = 'admin' AND `password` = 'admin'	2016-03-03 11:27:14
set names utf8	2016-03-03 11:27:42
SELECT name FROM `user` WHERE `email` = 'admin' AND `password` = '123'	2016-03-03 11:27:42
set names utf8	2016-03-03 11:27:52
SELECT name FROM `user` WHERE `email` = 'admin' AND `password` = 'admin'	2016-03-03 11:27:52
set names utf8	2016-03-03 11:30:21
SELECT name FROM `user` WHERE `email` = 'admin' AND `password` = 'admin'	2016-03-03 11:30:21
set names utf8	2016-03-03 11:31:00
SELECT name FROM `user` WHERE `email` = 'admin' AND `password` = 'admin'	2016-03-03 11:31:00
set names utf8	2016-03-03 11:31:34
SELECT name FROM `user` WHERE `email` = 'admin' AND `password` = 'admin'	2016-03-03 11:31:34
set names utf8	2016-03-03 11:31:46
SELECT * FROM `user` WHERE `email` = 'admin' AND `password` = 'admin'	2016-03-03 11:31:46
set names utf8	2016-03-03 11:32:55
SELECT * FROM `user` WHERE `email` = 'admin' AND `password` = 'admin'	2016-03-03 11:32:55
set names utf8	2016-03-03 11:36:39
SELECT * FROM `user` WHERE `email` = 'admin' AND `password` = 'admin'	2016-03-03 11:36:39
set names utf8	2016-03-03 11:37:04
SELECT * FROM `user` WHERE `email` = 'admin' AND `password` = 'admin'	2016-03-03 11:37:04
set names utf8	2016-03-03 11:37:09
SELECT * FROM `user` WHERE `email` = 'admin' AND `password` = 'admin'	2016-03-03 11:37:09
set names utf8	2016-03-03 11:37:28
SELECT * FROM `user` WHERE `email` = 'admin' AND `password` = 'admin'	2016-03-03 11:37:28
set names utf8	2016-03-03 11:37:43
SELECT * FROM `user` WHERE `email` = 'admin' AND `password` = 'admin'	2016-03-03 11:37:43
set names utf8	2016-03-03 11:47:56
SELECT * FROM `user` WHERE `email` = 'admin' AND `password` = 'admin'	2016-03-03 11:47:56
set names utf8	2016-03-03 11:48:14
SELECT * FROM `user` WHERE `email` = 'admin' AND `password` = 'admin'	2016-03-03 11:48:14
set names utf8	2016-03-03 11:48:16
SELECT * FROM `user` WHERE `email` = 'admin' AND `password` = 'admin'	2016-03-03 11:48:16
set names utf8	2016-03-03 11:48:17
SELECT * FROM `user` WHERE `email` = 'admin' AND `password` = 'admin'	2016-03-03 11:48:17
set names utf8	2016-03-03 11:48:17
SELECT * FROM `user` WHERE `email` = 'admin' AND `password` = 'admin'	2016-03-03 11:48:17
set names utf8	2016-03-03 11:48:18
SELECT * FROM `user` WHERE `email` = 'admin' AND `password` = 'admin'	2016-03-03 11:48:18
set names utf8	2016-03-03 11:48:26
SELECT * FROM `user` WHERE `email` = 'admin' AND `password` = 'admin'	2016-03-03 11:48:26
set names utf8	2016-03-03 11:48:27
SELECT * FROM `user` WHERE `email` = 'admin' AND `password` = 'admin'	2016-03-03 11:48:27
set names utf8	2016-03-03 11:48:27
SELECT * FROM `user` WHERE `email` = 'admin' AND `password` = 'admin'	2016-03-03 11:48:27
set names utf8	2016-03-03 11:48:27
SELECT * FROM `user` WHERE `email` = 'admin' AND `password` = 'admin'	2016-03-03 11:48:27
set names utf8	2016-03-03 11:48:28
SELECT * FROM `user` WHERE `email` = 'admin' AND `password` = 'admin'	2016-03-03 11:48:28
set names utf8	2016-03-03 11:48:34
SELECT * FROM `user` WHERE `email` = 'admin' AND `password` = 'admin'	2016-03-03 11:48:34
set names utf8	2016-03-03 11:50:09
SELECT * FROM `user` WHERE `email` = '' AND `password` = ''	2016-03-03 11:50:09
set names utf8	2016-03-03 11:50:11
SELECT * FROM `user` WHERE `email` = '' AND `password` = ''	2016-03-03 11:50:11
set names utf8	2016-03-03 11:50:12
SELECT * FROM `user` WHERE `email` = '' AND `password` = ''	2016-03-03 11:50:12
set names utf8	2016-03-03 11:50:12
SELECT * FROM `user` WHERE `email` = '' AND `password` = ''	2016-03-03 11:50:12
set names utf8	2016-03-03 11:50:12
SELECT * FROM `user` WHERE `email` = '' AND `password` = ''	2016-03-03 11:50:12
set names utf8	2016-03-03 11:50:16
SELECT * FROM `user` WHERE `email` = '' AND `password` = ''	2016-03-03 11:50:16
set names utf8	2016-03-03 11:50:30
SELECT * FROM `user` WHERE `email` = '' AND `password` = ''	2016-03-03 11:50:30
set names utf8	2016-03-03 11:51:14
SELECT * FROM `user` WHERE `email` = '' AND `password` = ''	2016-03-03 11:51:14
set names utf8	2016-03-03 11:51:16
SELECT * FROM `user` WHERE `email` = '' AND `password` = ''	2016-03-03 11:51:16
set names utf8	2016-03-03 11:51:20
SELECT * FROM `user` WHERE `email` = '' AND `password` = ''	2016-03-03 11:51:20
set names utf8	2016-03-03 11:51:27
SELECT * FROM `user` WHERE `email` = '' AND `password` = ''	2016-03-03 11:51:27
set names utf8	2016-03-03 11:54:41
SELECT * FROM `user` WHERE `email` = '' AND `password` = ''	2016-03-03 11:54:41
set names utf8	2016-03-03 11:55:08
SELECT * FROM `user` WHERE `email` = '' AND `password` = ''	2016-03-03 11:55:08
set names utf8	2016-03-03 11:55:53
SELECT * FROM `user` WHERE `email` = '' AND `password` = ''	2016-03-03 11:55:53
set names utf8	2016-03-03 11:56:05
SELECT * FROM `user` WHERE `email` = 'admin' AND `password` = 'admin'	2016-03-03 11:56:05
set names utf8	2016-03-03 11:56:10
SELECT * FROM `user` WHERE `email` = '' AND `password` = ''	2016-03-03 11:56:10
set names utf8	2016-03-03 11:56:16
SELECT * FROM `user` WHERE `email` = 'admin' AND `password` = 'admin'	2016-03-03 11:56:16
set names utf8	2016-03-03 11:57:02
SELECT * FROM `user` WHERE `email` = '' AND `password` = ''	2016-03-03 11:57:02
set names utf8	2016-03-03 11:57:09
SELECT * FROM `user` WHERE `email` = 'adadminmin' AND `password` = ''	2016-03-03 11:57:09
set names utf8	2016-03-03 11:57:13
SELECT * FROM `user` WHERE `email` = '' AND `password` = ''	2016-03-03 11:57:13
set names utf8	2016-03-03 11:57:16
SELECT * FROM `user` WHERE `email` = '' AND `password` = ''	2016-03-03 11:57:16
set names utf8	2016-03-03 12:09:52
SELECT * FROM `user` WHERE `email` = '' AND `password` = ''	2016-03-03 12:09:52
set names utf8	2016-03-03 12:10:53
SELECT * FROM `user` WHERE `email` = '' AND `password` = ''	2016-03-03 12:10:53
set names utf8	2016-03-03 12:10:58
SELECT * FROM `user` WHERE `email` = '' AND `password` = ''	2016-03-03 12:10:58
set names utf8	2016-03-03 12:11:14
SELECT * FROM `user` WHERE `email` = '' AND `password` = ''	2016-03-03 12:11:14
set names utf8	2016-03-03 12:11:22
SELECT * FROM `user` WHERE `email` = 'admin' AND `password` = 'admin'	2016-03-03 12:11:22
set names utf8	2016-03-03 12:12:27
SELECT * FROM `user` WHERE `email` = '' AND `password` = ''	2016-03-03 12:12:27
set names utf8	2016-03-03 12:12:37
SELECT * FROM `user` WHERE `email` = '' AND `password` = ''	2016-03-03 12:12:37
set names utf8	2016-03-03 12:12:43
SELECT * FROM `user` WHERE `email` = 'admin' AND `password` = 'admin'	2016-03-03 12:12:43
set names utf8	2016-03-03 12:29:13
SELECT id FROM `user` WHERE `email` = '' AND `password` = ''	2016-03-03 12:29:13
set names utf8	2016-03-03 12:29:21
SELECT id FROM `user` WHERE `email` = 'admin' AND `password` = 'admin'	2016-03-03 12:29:21
set names utf8	2016-03-03 12:32:51
SELECT id FROM `user` WHERE `email` = '' AND `password` = ''	2016-03-03 12:32:51
set names utf8	2016-03-03 12:33:20
SELECT id FROM `user` WHERE `email` = '' AND `password` = ''	2016-03-03 12:33:20
set names utf8	2016-03-03 12:33:26
SELECT id FROM `user` WHERE `email` = 'admin' AND `password` = 'admin'	2016-03-03 12:33:26
set names utf8	2016-03-03 12:33:29
SELECT * FROM `user` WHERE `id` = '3'	2016-03-03 12:33:29
set names utf8	2016-03-03 12:34:51
SELECT id FROM `user` WHERE `email` = 'admin' AND `password` = 'admin'	2016-03-03 12:34:51
set names utf8	2016-03-03 12:34:53
SELECT * FROM `user` WHERE `id` = '3'	2016-03-03 12:34:53
set names utf8	2016-03-03 12:37:18
SELECT * FROM `user` WHERE `id` = '4'	2016-03-03 12:37:18
set names utf8	2016-03-03 12:37:24
SELECT * FROM `user` WHERE `id` = '1'	2016-03-03 12:37:24
set names utf8	2016-03-03 12:37:30
SELECT * FROM `user` WHERE `id` = '2'	2016-03-03 12:37:30
set names utf8	2016-03-03 12:37:35
SELECT * FROM `user` WHERE `id` = '3'	2016-03-03 12:37:35
set names utf8	2016-03-03 12:41:46
SELECT * FROM `user` WHERE `email` = '' AND `password` = ''	2016-03-03 12:41:46
set names utf8	2016-03-03 12:41:49
SELECT * FROM `user` WHERE `email` = '' AND `password` = ''	2016-03-03 12:41:49
set names utf8	2016-03-03 12:41:51
SELECT * FROM `user` WHERE `email` = '' AND `password` = ''	2016-03-03 12:41:51
set names utf8	2016-03-03 12:41:53
SELECT * FROM `user` WHERE `email` = '' AND `password` = ''	2016-03-03 12:41:53
set names utf8	2016-03-03 12:42:04
SELECT * FROM `user` WHERE `email` = 'admin' AND `password` = 'admin'	2016-03-03 12:42:04
set names utf8	2016-03-03 12:42:33
SELECT * FROM `user` WHERE `email` = 'admin' AND `password` = 'admin'	2016-03-03 12:42:33
set names utf8	2016-03-03 12:42:37
SELECT * FROM `user` WHERE `email` = 'admin' AND `password` = 'admin'	2016-03-03 12:42:37
set names utf8	2016-03-03 12:42:40
SELECT * FROM `user` WHERE `email` = 'admin' AND `password` = ''	2016-03-03 12:42:40
set names utf8	2016-03-03 12:43:17
SELECT id FROM `user` WHERE `email` = '' AND `password` = ''	2016-03-03 12:43:17
set names utf8	2016-03-03 12:43:25
SELECT id FROM `user` WHERE `email` = 'admin' AND `password` = 'admin'	2016-03-03 12:43:25
set names utf8	2016-03-03 12:43:27
SELECT * FROM `user` WHERE `email` = 'admin' AND `password` = 'admin'	2016-03-03 12:43:27
set names utf8	2016-03-03 12:45:25
SELECT * FROM `user` WHERE `email` = 'admin' AND `password` = 'admin'	2016-03-03 12:45:25
set names utf8	2016-03-03 12:51:03
SELECT id FROM `user` WHERE `email` = '' AND `password` = ''	2016-03-03 12:51:03
set names utf8	2016-03-03 12:51:11
SELECT id FROM `user` WHERE `email` = 'admin' AND `password` = 'admin'	2016-03-03 12:51:11
set names utf8	2016-03-03 12:52:00
SELECT token FROM `user` WHERE `email` = 'admin' AND `password` = 'admin'	2016-03-03 12:52:00
set names utf8	2016-03-03 12:52:02
SELECT * FROM `user` WHERE `token` = 'ceshitoken1234567890'	2016-03-03 12:52:02
set names utf8	2016-03-03 12:52:17
SELECT * FROM `user` WHERE `token` = 'ceshitoken1234567890'	2016-03-03 12:52:17
set names utf8	2016-03-03 12:53:48
SELECT token FROM `user` WHERE `email` = 'admin' AND `password` = 'admin'	2016-03-03 12:53:48
set names utf8	2016-03-03 12:53:50
SELECT * FROM `user` WHERE `token` = 'ceshitoken1234567890'	2016-03-03 12:53:50
set names utf8	2016-03-03 14:13:41
SELECT * FROM `user` WHERE `token` = 'ceshitoken1234567890'	2016-03-03 14:13:41
set names utf8	2016-03-03 14:14:43
SELECT * FROM `user` WHERE `token` = 'ceshitoken1234567890'	2016-03-03 14:14:43
set names utf8	2016-03-03 14:14:56
SELECT * FROM `user` WHERE `token` = 'ceshitoken1234567890'	2016-03-03 14:14:56
set names utf8	2016-03-03 14:36:31
SELECT token FROM `user` WHERE `email` = 'admin' AND `password` = 'admin'	2016-03-03 14:36:31
set names utf8	2016-03-03 14:36:33
SELECT * FROM `user` WHERE `token` = 'ceshitoken1234567890'	2016-03-03 14:36:33
set names utf8	2016-03-03 14:46:17
SELECT token FROM `user` WHERE `email` = 'admin' AND `password` = 'admin'	2016-03-03 14:46:17
set names utf8	2016-03-03 14:46:20
SELECT * FROM `user` WHERE `token` = 'ceshitoken1234567890'	2016-03-03 14:46:20
set names utf8	2016-03-03 15:04:13
SELECT token FROM `user` WHERE `email` = 'admin' AND `password` = 'admin'	2016-03-03 15:04:13
set names utf8	2016-03-03 15:04:15
SELECT * FROM `user` WHERE `token` = 'ceshitoken1234567890'	2016-03-03 15:04:15
set names utf8	2016-03-03 15:04:36
SELECT * FROM `user` WHERE `token` = 'ceshitoken1234567890'	2016-03-03 15:04:36
set names utf8	2016-03-03 15:08:55
SELECT * FROM `user` WHERE `token` = 'ceshitoken1234567890'	2016-03-03 15:08:55
set names utf8	2016-03-03 15:08:56
SELECT * FROM `user` WHERE `token` = 'ceshitoken1234567890'	2016-03-03 15:08:56
set names utf8	2016-03-03 15:10:12
SELECT * FROM `user` WHERE `token` = 'ceshitoken1234567890'	2016-03-03 15:10:12
set names utf8	2016-03-03 15:10:47
SELECT * FROM `user` WHERE `token` = 'ceshitoken1234567890'	2016-03-03 15:10:47
set names utf8	2016-03-03 15:11:22
SELECT token FROM `user` WHERE `email` = 'admin' AND `password` = 'admin'	2016-03-03 15:11:22
set names utf8	2016-03-03 15:11:24
SELECT * FROM `user` WHERE `token` = 'ceshitoken1234567890'	2016-03-03 15:11:24
set names utf8	2016-03-03 15:13:45
SELECT * FROM `user` WHERE `token` = 'ceshitoken1234567890'	2016-03-03 15:13:45
set names utf8	2016-03-03 15:15:15
SELECT * FROM `user` WHERE `token` = 'ceshitoken1234567890'	2016-03-03 15:15:15
set names utf8	2016-03-03 15:15:47
SELECT * FROM `user` WHERE `token` = 'ceshitoken1234567890'	2016-03-03 15:15:47
set names utf8	2016-03-03 15:20:39
SELECT * FROM `user` WHERE `token` = 'ceshitoken1234567890'	2016-03-03 15:20:39
set names utf8	2016-03-03 15:26:59
SELECT * FROM `user` WHERE `token` = 'ceshitoken1234567890'	2016-03-03 15:26:59
set names utf8	2016-03-03 15:34:55
SELECT * FROM `user` WHERE `token` = 'ceshitoken1234567890'	2016-03-03 15:34:55
set names utf8	2016-03-03 15:55:06
SELECT * FROM `user` WHERE `token` = 'ceshitoken1234567890'	2016-03-03 15:55:06
set names utf8	2016-03-03 16:21:53
SELECT * FROM `user` WHERE `token` = 'ceshitoken1234567890'	2016-03-03 16:21:53
set names utf8	2016-03-03 16:27:31
SELECT token FROM `user` WHERE `email` = 'admin' AND `password` = 'admin'	2016-03-03 16:27:31
set names utf8	2016-03-03 16:27:34
SELECT * FROM `user` WHERE `token` = 'ceshitoken1234567890'	2016-03-03 16:27:34
set names utf8	2016-03-03 16:31:00
SELECT * FROM `user` WHERE `token` = 'ceshitoken1234567890'	2016-03-03 16:31:00
set names utf8	2016-03-03 16:31:44
SELECT * FROM `user` WHERE `token` = 'ceshitoken1234567890'	2016-03-03 16:31:44
set names utf8	2016-03-03 16:33:36
SELECT * FROM `user` WHERE `token` = 'ceshitoken1234567890'	2016-03-03 16:33:36
set names utf8	2016-03-03 16:34:46
SELECT * FROM `user` WHERE `token` = 'ceshitoken1234567890'	2016-03-03 16:34:46
set names utf8	2016-03-03 16:35:11
SELECT * FROM `user` WHERE `token` = 'ceshitoken1234567890'	2016-03-03 16:35:11
set names utf8	2016-03-03 16:35:12
SELECT * FROM `user` WHERE `token` = 'ceshitoken1234567890'	2016-03-03 16:35:12
set names utf8	2016-03-03 16:35:38
SELECT * FROM `user` WHERE `token` = 'ceshitoken1234567890'	2016-03-03 16:35:38
set names utf8	2016-03-03 16:36:47
SELECT * FROM `user` WHERE `token` = 'ceshitoken1234567890'	2016-03-03 16:36:47
set names utf8	2016-03-03 16:38:38
SELECT token FROM `user` WHERE `email` = 'admin' AND `password` = 'admin'	2016-03-03 16:38:38
set names utf8	2016-03-03 16:38:39
SELECT token FROM `user` WHERE `email` = 'admin' AND `password` = 'admin'	2016-03-03 16:38:39
set names utf8	2016-03-03 16:38:41
SELECT * FROM `user` WHERE `token` = 'ceshitoken1234567890'	2016-03-03 16:38:41
set names utf8	2016-03-03 16:43:23
SELECT * FROM `user` WHERE `token` = 'ceshitoken1234567890'	2016-03-03 16:43:23
set names utf8	2016-03-03 16:43:27
SELECT token FROM `user` WHERE `email` = '' AND `password` = ''	2016-03-03 16:43:27
set names utf8	2016-03-03 16:43:53
SELECT * FROM `user` WHERE `token` = 'ceshitoken1234567890'	2016-03-03 16:43:53
set names utf8	2016-03-03 16:43:55
SELECT * FROM `user` WHERE `token` = 'ceshitoken1234567890'	2016-03-03 16:43:55
set names utf8	2016-03-03 16:44:08
SELECT token FROM `user` WHERE `email` = 'admin' AND `password` = 'admin'	2016-03-03 16:44:08
set names utf8	2016-03-03 16:44:11
SELECT * FROM `user` WHERE `token` = 'ceshitoken1234567890'	2016-03-03 16:44:11
set names utf8	2016-03-03 16:46:32
SELECT * FROM `user` WHERE `token` = 'ceshitoken1234567890'	2016-03-03 16:46:32
set names utf8	2016-03-03 16:50:55
SELECT * FROM `user` WHERE `token` = 'ceshitoken1234567890'	2016-03-03 16:50:55
set names utf8	2016-03-03 16:51:12
SELECT * FROM `user` WHERE `token` = 'ceshitoken1234567890'	2016-03-03 16:51:12
set names utf8	2016-03-03 16:51:39
SELECT * FROM `user` WHERE `token` = 'ceshitoken1234567890'	2016-03-03 16:51:39
set names utf8	2016-03-03 16:55:35
SELECT token FROM `user` WHERE `email` = 'admin' AND `password` = 'admin'	2016-03-03 16:55:35
set names utf8	2016-03-03 16:55:37
SELECT * FROM `user` WHERE `token` = 'ceshitoken1234567890'	2016-03-03 16:55:37
set names utf8	2016-03-03 16:56:24
SELECT token FROM `user` WHERE `email` = 'admin' AND `password` = 'admin'	2016-03-03 16:56:24
set names utf8	2016-03-03 16:56:26
SELECT * FROM `user` WHERE `token` = 'ceshitoken1234567890'	2016-03-03 16:56:26
set names utf8	2016-03-03 17:02:03
SELECT token FROM `user` WHERE `email` = 'admin' AND `password` = 'admin'	2016-03-03 17:02:03
set names utf8	2016-03-03 17:02:05
SELECT * FROM `user` WHERE `token` = 'ceshitoken1234567890'	2016-03-03 17:02:05
set names utf8	2016-03-03 17:03:08
SELECT * FROM `user` WHERE `token` = 'ceshitoken1234567890'	2016-03-03 17:03:08
set names utf8	2016-03-03 17:07:04
SELECT token FROM `user` WHERE `email` = 'admin' AND `password` = 'admin'	2016-03-03 17:07:04
set names utf8	2016-03-03 17:07:07
SELECT * FROM `user` WHERE `token` = 'ceshitoken1234567890'	2016-03-03 17:07:07
set names utf8	2016-03-03 17:19:23
SELECT * FROM `user` WHERE `token` = 'ceshitoken1234567890'	2016-03-03 17:19:23
set names utf8	2016-03-03 17:19:53
SELECT token FROM `user` WHERE `email` = 'admin' AND `password` = 'admin'	2016-03-03 17:19:53
set names utf8	2016-03-03 17:19:55
SELECT * FROM `user` WHERE `token` = 'ceshitoken1234567890'	2016-03-03 17:19:55
set names utf8	2016-03-03 17:23:40
SELECT * FROM `user` WHERE `token` = 'ceshitoken1234567890'	2016-03-03 17:23:40
set names utf8	2016-03-03 17:24:19
SELECT * FROM `user` WHERE `token` = 'ceshitoken1234567890'	2016-03-03 17:24:19
set names utf8	2016-03-03 17:24:34
SELECT token FROM `user` WHERE `email` = 'admin' AND `password` = 'admin'	2016-03-03 17:24:34
set names utf8	2016-03-03 17:24:35
SELECT token FROM `user` WHERE `email` = 'admin' AND `password` = 'admin'	2016-03-03 17:24:35
set names utf8	2016-03-03 17:24:37
SELECT * FROM `user` WHERE `token` = 'ceshitoken1234567890'	2016-03-03 17:24:37
set names utf8	2016-03-03 18:13:48
SELECT * FROM `user` WHERE `token` = 'ceshitoken1234567890'	2016-03-03 18:13:48
set names utf8	2016-03-03 18:13:55
SELECT * FROM `user` WHERE `token` = 'ceshitoken1234567890'	2016-03-03 18:13:55
set names utf8	2016-03-03 18:14:28
SELECT * FROM `user` WHERE `token` = 'ceshitoken1234567890'	2016-03-03 18:14:28
set names utf8	2016-03-03 18:15:54
SELECT * FROM `user` WHERE `token` = 'ceshitoken1234567890'	2016-03-03 18:15:54
set names utf8	2016-03-03 18:16:05
SELECT * FROM `user` WHERE `token` = 'ceshitoken1234567890'	2016-03-03 18:16:05
set names utf8	2016-03-03 18:16:12
SELECT * FROM `user` WHERE `token` = 'ceshitoken1234567890'	2016-03-03 18:16:12
set names utf8	2016-03-03 18:16:36
SELECT * FROM `user` WHERE `token` = 'ceshitoken1234567890'	2016-03-03 18:16:36
set names utf8	2016-03-03 18:17:58
SELECT * FROM `user` WHERE `token` = 'ceshitoken1234567890'	2016-03-03 18:17:58
set names utf8	2016-03-03 18:18:03
SELECT * FROM `user` WHERE `token` = 'ceshitoken1234567890'	2016-03-03 18:18:03
set names utf8	2016-03-03 18:18:49
SELECT * FROM `user` WHERE `token` = 'ceshitoken1234567890'	2016-03-03 18:18:49
set names utf8	2016-03-03 18:18:56
SELECT * FROM `user` WHERE `token` = 'ceshitoken1234567890'	2016-03-03 18:18:56
set names utf8	2016-03-03 18:19:15
SELECT token FROM `user` WHERE `email` = 'admin' AND `password` = 'admin'	2016-03-03 18:19:15
set names utf8	2016-03-03 18:19:17
SELECT * FROM `user` WHERE `token` = 'ceshitoken1234567890'	2016-03-03 18:19:17
set names utf8	2016-03-03 18:19:49
SELECT * FROM `user` WHERE `token` = 'ceshitoken1234567890'	2016-03-03 18:19:49
set names utf8	2016-03-03 18:22:26
SELECT * FROM `user` WHERE `token` = 'ceshitoken1234567890'	2016-03-03 18:22:26
set names utf8	2016-03-03 18:30:13
SELECT * FROM `user` WHERE `token` = 'ceshitoken1234567890'	2016-03-03 18:30:13
set names utf8	2016-03-03 18:30:16
SELECT * FROM `user` WHERE `token` = 'ceshitoken1234567890'	2016-03-03 18:30:16
set names utf8	2016-03-03 18:30:32
SELECT * FROM `user` WHERE `token` = 'ceshitoken1234567890'	2016-03-03 18:30:32
set names utf8	2016-03-03 18:31:13
SELECT * FROM `user` WHERE `token` = 'ceshitoken1234567890'	2016-03-03 18:31:13
set names utf8	2016-03-03 18:31:49
SELECT * FROM `user` WHERE `token` = 'ceshitoken1234567890'	2016-03-03 18:31:49
set names utf8	2016-03-03 18:34:18
SELECT * FROM `user` WHERE `token` = 'ceshitoken1234567890'	2016-03-03 18:34:18
set names utf8	2016-03-03 18:36:18
SELECT * FROM `user` WHERE `token` = 'ceshitoken1234567890'	2016-03-03 18:36:18
set names utf8	2016-03-03 18:36:22
SELECT * FROM `user` WHERE `token` = 'ceshitoken1234567890'	2016-03-03 18:36:22
set names utf8	2016-03-03 18:51:43
SELECT * FROM `user` WHERE `token` = 'ceshitoken1234567890'	2016-03-03 18:51:43
set names utf8	2016-03-03 18:53:11
SELECT * FROM `user` WHERE `token` = 'ceshitoken1234567890'	2016-03-03 18:53:11
set names utf8	2016-03-03 18:55:39
SELECT * FROM `user` WHERE `token` = 'ceshitoken1234567890'	2016-03-03 18:55:39
set names utf8	2016-03-03 18:56:18
SELECT * FROM `user` WHERE `token` = 'ceshitoken1234567890'	2016-03-03 18:56:18
set names utf8	2016-03-03 18:56:57
SELECT * FROM `user` WHERE `token` = 'ceshitoken1234567890'	2016-03-03 18:56:57
set names utf8	2016-03-03 18:57:04
SELECT * FROM `user` WHERE `token` = 'ceshitoken1234567890'	2016-03-03 18:57:04
set names utf8	2016-03-03 18:57:24
SELECT * FROM `user` WHERE `token` = 'ceshitoken1234567890'	2016-03-03 18:57:24
set names utf8	2016-03-03 18:57:42
SELECT * FROM `user` WHERE `token` = 'ceshitoken1234567890'	2016-03-03 18:57:42
set names utf8	2016-03-03 18:58:26
SELECT * FROM `user` WHERE `token` = 'ceshitoken1234567890'	2016-03-03 18:58:26
set names utf8	2016-03-03 19:01:04
SELECT * FROM `user` WHERE `token` = 'ceshitoken1234567890'	2016-03-03 19:01:04
set names utf8	2016-03-03 20:42:34
SELECT token FROM `user` WHERE `email` = 'admiin' AND `password` = 'admin'	2016-03-03 20:42:34
set names utf8	2016-03-03 20:42:44
SELECT token FROM `user` WHERE `email` = 'admiin' AND `password` = 'admin'	2016-03-03 20:42:44
set names utf8	2016-03-03 20:42:51
SELECT token FROM `user` WHERE `email` = 'admin' AND `password` = 'admin'	2016-03-03 20:42:51
set names utf8	2016-03-03 20:42:53
SELECT * FROM `user` WHERE `token` = 'ceshitoken1234567890'	2016-03-03 20:42:53
set names utf8	2016-03-04 10:10:53
SELECT token FROM `user` WHERE `email` = 'admin' AND `password` = 'admin'	2016-03-04 10:10:53
set names utf8	2016-03-04 10:10:56
SELECT * FROM `user` WHERE `token` = 'ceshitoken1234567890'	2016-03-04 10:10:56
